03/09/2023 13:19:33 INICIANDO...
03/09/2023 13:19:33 2.9.0.1
03/09/2023 13:19:33 Usuário: Rosi(Administrador)
03/09/2023 13:19:33 Versão do Sistema Operacional: 6.2.9200
03/09/2023 13:19:33 64 Bits: true
03/09/2023 13:19:33   ( 0.7 )
03/09/2023 13:19:33 UAC: Ativado
03/09/2023 13:19:33 Verificando se Mozilla Firefox está instalado...
03/09/2023 13:19:33 Mozilla Firefox não instalado.
03/09/2023 13:19:33 [1: Ajustando ambiente] Verificando...
03/09/2023 13:19:34 [1: Ajustando ambiente] Corrigindo TLS.
03/09/2023 13:19:34 [1: Ajustando ambiente] Ok.
03/09/2023 13:19:34 [2: Ajustes iniciais] Verificando...
03/09/2023 13:19:34 [2: Ajustes iniciais] Ok.
03/09/2023 13:19:34 [3: Instalação dos certificados raíz] Verificando...
03/09/2023 13:19:34 [3: Instalação dos certificados raíz] Efetuando download do instalador...
03/09/2023 13:19:41 [3: Instalação dos certificados raíz] Instalando...
03/09/2023 13:19:46 [3: Instalação dos certificados raíz] Ok.
03/09/2023 13:19:46 [5: Ajustes adicionais] Verificando...
03/09/2023 13:19:46 [5: Ajustes adicionais] Limpando...
03/09/2023 13:19:46 [5: Ajustes adicionais] Ok.
03/09/2023 13:19:46 [7: Instalando módulo de segurança] Verificando...
03/09/2023 13:19:46 [7: Instalando módulo de segurança] Efetuando download do instalador...
03/09/2023 13:20:01 [7: Instalando módulo de segurança] Instalando...
03/09/2023 13:20:24 [7: Instalando módulo de segurança] Ok.
03/09/2023 13:20:24 [9: Finalizando a instalação] Verificando...
03/09/2023 13:20:24 [9: Finalizando a instalação] Ok.
03/09/2023 13:20:24 [10: Validando a instalação] Verificando...
03/09/2023 13:20:48 [10: Validando a instalação] Instalando...
03/09/2023 13:20:57 [10: Validando a instalação] Ok.
03/09/2023 13:20:57 [12: Ajustando ambiente] Verificando...
03/09/2023 13:20:57 [12: Ajustando ambiente] Ok.
03/09/2023 13:20:57 [13: Ajustando ambiente] Verificando...
03/09/2023 13:20:58 [13: Ajustando ambiente] Ok.
03/09/2023 13:20:58 [14: Concluindo ajustes] Verificando...
03/09/2023 13:21:10 [14: Concluindo ajustes] CONCLUÍDO.
03/09/2023 13:21:10 CONCLUÍDO.
